Godot Engine v3.2.3.stable.official - https://godotengine.org
OpenGL ES 3.0 Renderer: GeForce GTX 1060 6GB/PCIe/SSE2
 
what is my path?
[(110.983002, 485.223999), (23, 26)]
what is my path?
[(110.983002, 485.223999), (23, 26)]
what is my path?
[(110.983002, 485.223999), (23, 26)]
what is my path?
[(110.983002, 485.223999), (23, 26)]
what is my path?
[(110.983002, 485.223999), (23, 26)]
what is my path?
[(110.983002, 485.223999), (23, 26)]
what is my path?
[(110.983002, 485.223999), (23, 26)]
what is my path?
[(110.983002, 485.223999), (23, 26)]
what is my path?
[(110.983002, 485.223999), (23, 26)]
what is my path?
[(110.983002, 485.223999), (23, 26)]
what is my path?
[(110.983002, 485.223999), (23, 26)]
what is my path?
[(110.983002, 485.223999), (23, 26)]
what is my path?
[(110.983002, 485.223999), (23, 26)]
what is my path?
[(110.983002, 485.223999), (23, 26)]
what is my path?
[(110.983002, 485.223999), (23, 26)]
what is my path?
[(110.983002, 485.223999), (23, 26)]
what is my path?
[(110.983002, 485.223999), (23, 26)]
what is my path?
[(110.983002, 485.223999), (23, 26)]
what is my path?
[(110.983002, 485.223999), (23, 26)]
what is my path?
[(110.983002, 485.223999), (23, 26)]
what is my path?
[(110.983002, 485.223999), (23, 26)]
what is my path?
[(110.983002, 485.223999), (23, 26)]
what is my path?
[(110.983002, 485.223999), (23, 26)]
what is my path?
[(110.983002, 485.223999), (23, 26)]
what is my path?
[(110.983002, 485.223999), (23, 26)]
what is my path?
[(110.983002, 485.223999), (23, 26)]
what is my path?
[(110.983002, 485.223999), (23, 26)]
what is my path?
[(110.983002, 485.223999), (23, 26)]
what is my path?
[(110.983002, 485.223999), (23, 26)]
what is my path?
[(110.983002, 485.223999), (23, 26)]
what is my path?
[(110.983002, 485.223999), (23, 26)]
what is my path?
[(110.983002, 485.223999), (23, 26)]
what is my path?
[(110.983002, 485.223999), (23, 26)]
what is my path?
[(110.983002, 485.223999), (23, 26)]
what is my path?
[(110.983002, 485.223999), (23, 26)]
what is my path?
[(110.983002, 485.223999), (23, 26)]
what is my path?
[(110.983002, 485.223999), (23, 26)]
what is my path?
[(110.983002, 485.223999), (23, 26)]
what is my path?
[(110.983002, 485.223999), (23, 26)]
what is my path?
[(110.983002, 485.223999), (23, 26)]
what is my path?
[(110.983002, 485.223999), (23, 26)]
what is my path?
[(110.983002, 485.223999), (23, 26)]
what is my path?
[(110.983002, 485.223999), (23, 26)]
what is my path?
[(110.983002, 485.223999), (23, 26)]
what is my path?
[(110.983002, 485.223999), (23, 26)]
what is my path?
[(110.983002, 485.223999), (23, 26)]
what is my path?
[(110.983002, 485.223999), (23, 26)]
what is my path?
[(110.983002, 485.223999), (23, 26)]
what is my path?
[(110.983002, 485.223999), (23, 26)]
what is my path?
[(110.983002, 485.223999), (23, 26)]
what is my path?
[(110.983002, 485.223999), (23, 26)]
what is my path?
[(110.983002, 485.223999), (23, 26)]
what is my path?
[(110.983002, 485.223999), (23, 26)]
what is my path?
[(110.983002, 485.223999), (23, 26)]
what is my path?
[(110.983002, 485.223999), (23, 26)]
what is my path?
[(110.983002, 485.223999), (23, 26)]
what is my path?
[(110.983002, 485.223999), (23, 26)]
what is my path?
[(110.983002, 485.223999), (23, 26)]
what is my path?
[(110.983002, 485.223999), (23, 26)]
3
what is my path?
[(110.983002, 485.223999), (23, 26)]
what is my path?
[(110.983002, 485.223999), (23, 26)]
what is my path?
[(110.983002, 485.223999), (23, 26)]
what is my path?
[(110.983002, 485.223999), (23, 26)]
what is my path?
[(110.983002, 485.223999), (23, 26)]
what is my path?
[(110.983002, 485.223999), (23, 26)]
what is my path?
[(110.983002, 485.223999), (23, 26)]
what is my path?
[(110.983002, 485.223999), (23, 26)]
what is my path?
[(110.983002, 485.223999), (23, 26)]
what is my path?
[(110.983002, 485.223999), (23, 26)]
what is my path?
[(110.983002, 485.223999), (23, 26)]
what is my path?
[(110.983002, 485.223999), (23, 26)]
what is my path?
[(110.983002, 485.223999), (23, 26)]
what is my path?
[(110.983002, 485.223999), (23, 26)]
what is my path?
[(110.983002, 485.223999), (23, 26)]
what is my path?
[(110.983002, 485.223999), (23, 26)]
what is my path?
[(110.983002, 485.223999), (23, 26)]
what is my path?
[(110.983002, 485.223999), (23, 26)]
what is my path?
[(110.983002, 485.223999), (23, 26)]
what is my path?
[(110.983002, 485.223999), (23, 26)]
what is my path?
[(110.983002, 485.223999), (23, 26)]
what is my path?
[(110.983002, 485.223999), (23, 26)]
what is my path?
[(110.983002, 485.223999), (23, 26)]
what is my path?
[(110.983002, 485.223999), (23, 26)]
what is my path?
[(110.983002, 485.223999), (23, 26)]
what is my path?
[(110.983002, 485.223999), (23, 26)]
what is my path?
[(110.983002, 485.223999), (23, 26)]
what is my path?
[(110.983002, 485.223999), (23, 26)]
what is my path?
[(110.983002, 485.223999), (23, 26)]
what is my path?
[(110.983002, 485.223999), (23, 26)]
what is my path?
[(110.983002, 485.223999), (23, 26)]
what is my path?
[(114.911453, 485.56546), (942.828003, 81.952698)]
what is my path?
[(118.839905, 485.906921), (942.828003, 81.952698)]
what is my path?
[(122.768356, 486.248383), (942.828003, 81.952698)]
what is my path?
[(126.696808, 486.589844), (942.828003, 81.952698)]
what is my path?
[(130.625259, 486.931305), (942.828003, 81.952698)]
what is my path?
[(134.553711, 487.272766), (942.828003, 81.952698)]
what is my path?
[(138.482162, 487.614227), (942.828003, 81.952698)]
what is my path?
[(142.410614, 487.955688), (942.828003, 81.952698)]
what is my path?
[(146.339066, 488.29715), (942.828003, 81.952698)]
what is my path?
[(150.267517, 488.638611), (942.828003, 81.952698)]
what is my path?
[(154.195969, 488.980072), (942.828003, 81.952698)]
what is my path?
[(158.12442, 489.321533), (942.828003, 81.952698)]
what is my path?
[(162.052872, 489.662994), (942.828003, 81.952698)]
what is my path?
[(165.981323, 490.004456), (942.828003, 81.952698)]
what is my path?
[(169.909775, 490.345917), (942.828003, 81.952698)]
what is my path?
[(173.838226, 490.687378), (942.828003, 81.952698)]
what is my path?
[(177.766678, 491.028839), (942.828003, 81.952698)]
what is my path?
[(181.695129, 491.3703), (942.828003, 81.952698)]
what is my path?
[(185.623581, 491.711761), (942.828003, 81.952698)]
what is my path?
[(189.552032, 492.053223), (942.828003, 81.952698)]
what is my path?
[(193.480484, 492.394684), (942.828003, 81.952698)]
what is my path?
[(197.408936, 492.736145), (942.828003, 81.952698)]
what is my path?
[(201.337387, 493.077606), (942.828003, 81.952698)]
what is my path?
[(205.265839, 493.419067), (942.828003, 81.952698)]
what is my path?
[(209.19429, 493.760529), (942.828003, 81.952698)]
what is my path?
[(213.122742, 494.10199), (942.828003, 81.952698)]
what is my path?
[(217.051193, 494.443451), (942.828003, 81.952698)]
what is my path?
[(220.979645, 494.784912), (942.828003, 81.952698)]
what is my path?
[(224.908096, 495.126373), (942.828003, 81.952698)]
3
what is my path?
[(228.836548, 495.467834), (942.828003, 81.952698)]
what is my path?
[(232.764999, 495.809296), (942.828003, 81.952698)]
what is my path?
[(236.693451, 496.150757), (942.828003, 81.952698)]
what is my path?
[(240.621902, 496.492218), (942.828003, 81.952698)]
what is my path?
[(244.550354, 496.833679), (942.828003, 81.952698)]
what is my path?
[(248.478806, 497.17514), (942.828003, 81.952698)]
what is my path?
[(252.407257, 497.516602), (942.828003, 81.952698)]
what is my path?
[(256.335693, 497.858063), (942.828003, 81.952698)]
what is my path?
[(260.26413, 498.199524), (942.828003, 81.952698)]
what is my path?
[(264.192566, 498.540985), (942.828003, 81.952698)]
what is my path?
[(268.121002, 498.882446), (942.828003, 81.952698)]
what is my path?
[(272.049438, 499.223907), (942.828003, 81.952698)]
what is my path?
[(275.977875, 499.565369), (942.828003, 81.952698)]
what is my path?
[(279.906311, 499.90683), (942.828003, 81.952698)]
what is my path?
[(283.834747, 500.248291), (942.828003, 81.952698)]
what is my path?
[(287.763184, 500.589752), (942.828003, 81.952698)]
what is my path?
[(291.69162, 500.931213), (942.828003, 81.952698)]
what is my path?
[(295.620056, 501.272675), (942.828003, 81.952698)]
what is my path?
[(299.548492, 501.614136), (942.828003, 81.952698)]
what is my path?
[(303.476929, 501.955597), (942.828003, 81.952698)]
what is my path?
[(307.405365, 502.297058), (942.828003, 81.952698)]
what is my path?
[(311.333801, 502.638519), (942.828003, 81.952698)]
what is my path?
[(315.262238, 502.97998), (942.828003, 81.952698)]
what is my path?
[(319.190674, 503.321442), (942.828003, 81.952698)]
what is my path?
[(323.11911, 503.662903), (942.828003, 81.952698)]
what is my path?
[(327.047546, 504.004364), (942.828003, 81.952698)]
what is my path?
[(330.975983, 504.345825), (942.828003, 81.952698)]
what is my path?
[(334.904419, 504.687286), (942.828003, 81.952698)]
what is my path?
[(338.832855, 505.028748), (942.828003, 81.952698)]
what is my path?
[(342.761292, 505.370209), (942.828003, 81.952698)]
what is my path?
[(346.689728, 505.71167), (942.828003, 81.952698)]
what is my path?
[(350.618164, 506.053131), (942.828003, 81.952698)]
what is my path?
[(354.5466, 506.394592), (942.828003, 81.952698)]
what is my path?
[(358.475037, 506.736053), (942.828003, 81.952698)]
what is my path?
[(362.403473, 507.077515), (942.828003, 81.952698)]
what is my path?
[(366.331909, 507.418976), (942.828003, 81.952698)]
2
1
0
1
3
3
